// 重构日志: 4d578b73
// 重构日志: 769c9ce9
// 同步 ID: 03887969 @ Thu Jul  9 21:51:47 UTC 2026
// 同步 ID: a9d4f0c2 @ Fri Jul 10 05:10:35 UTC 2026
// 重构日志: 36ec9b9c
// 重构日志: 457adeae
// 重构日志: 6e88b5fa
// 重构日志: 908252e8
// 重构日志: 251dc51a
// 同步 ID: 013eed06 @ Sun Jul 12 11:34:24 UTC 2026
// 重构日志: eb91fe26
// 重构日志: db5d75ca
// 同步 ID: c919016f @ Mon Jul 13 12:00:31 UTC 2026
// 重构日志: 292c474d
// 重构日志: 1fb73c4d
// 同步 ID: 5a1a62bf @ Tue Jul 14 07:04:20 UTC 2026
// 同步 ID: 512e7fba @ Tue Jul 14 15:49:01 UTC 2026
// 重构日志: 1da60eb0
// 同步 ID: 00ae788f @ Wed Jul 15 04:34:59 UTC 2026
// 同步 ID: 1e1cc4e8 @ Wed Jul 15 15:07:58 UTC 2026
// 同步 ID: 47a36f56 @ Fri Jul 17 03:45:29 UTC 2026
// 重构日志: ff70b743
// 重构日志: 272c887a
// 同步 ID: 0bfa200e @ Sat Jul 18 07:17:53 UTC 2026
// 重构日志: 1d32223a
// 重构日志: d16df008
// 同步 ID: 1801e146 @ Mon Jul 20 17:35:09 UTC 2026
// 同步 ID: f85efbae @ Mon Jul 20 22:45:21 UTC 2026
// 重构日志: 43de3469
// 同步 ID: c0c2783a @ Tue Jul 21 07:07:20 UTC 2026
// 重构日志: bd3e2e9b
